\BOOKMARK [0][-]{chapter*.2}{Introduction}{}% 1
\BOOKMARK [0][-]{chapter.1}{Fractal Dimensions and the Einstein Relation}{}% 2
\BOOKMARK [1][-]{section.1.1}{Hausdorff measure and Hausdorff dimension}{chapter.1}% 3
\BOOKMARK [1][-]{section.1.2}{Weyl asymptotics and spectral dimension}{chapter.1}% 4
\BOOKMARK [2][-]{subsection.1.2.1}{The classical case}{section.1.2}% 5
\BOOKMARK [2][-]{subsection.1.2.2}{The general case}{section.1.2}% 6
\BOOKMARK [1][-]{section.1.3}{Markov processes and walk dimension}{chapter.1}% 7
\BOOKMARK [2][-]{subsection.1.3.1}{From Dirichlet forms to Markov processes}{section.1.3}% 8
\BOOKMARK [2][-]{subsection.1.3.2}{Local walk dimension and Einstein relation}{section.1.3}% 9
\BOOKMARK [1][-]{section.1.4}{Other versions of the Einstein relation}{chapter.1}% 10
\BOOKMARK [0][-]{chapter.2}{Examples and Non-examples}{}% 11
\BOOKMARK [1][-]{section.2.1}{Euclidean Space}{chapter.2}% 12
\BOOKMARK [1][-]{section.2.2}{The Sierpinski Gasket}{chapter.2}% 13
\BOOKMARK [2][-]{subsection.2.2.1}{Approximation by Dirichlet forms}{section.2.2}% 14
\BOOKMARK [2][-]{subsection.2.2.2}{Approximation by random walks}{section.2.2}% 15
\BOOKMARK [1][-]{section.2.3}{The real line as bounded metric space}{chapter.2}% 16
\BOOKMARK [0][-]{chapter.3}{The Einstein Relation on Metric Measure Spaces}{}% 17
\BOOKMARK [1][-]{section.3.1}{The Einstein Relation under Lipschitz-isomorphisms}{chapter.3}% 18
\BOOKMARK [2][-]{subsection.3.1.1}{Lipschitz and mm-isomorphisms}{section.3.1}% 19
\BOOKMARK [2][-]{subsection.3.1.2}{Transport of structure}{section.3.1}% 20
\BOOKMARK [1][-]{section.3.2}{H\366lder regularity and graphs of functions}{chapter.3}% 21
\BOOKMARK [2][-]{subsection.3.2.1}{A closer look at the walk dimension}{section.3.2}% 22
\BOOKMARK [2][-]{subsection.3.2.2}{Graphs of continuous functions}{section.3.2}% 23
\BOOKMARK [0][-]{chapter*.3}{Discussion}{}% 24
\BOOKMARK [0][-]{chapter*.4}{Bibliography}{}% 25
